


ARM Macro Assembler    Page 1 


    1 00000000                 AREA             accend,CODE,READONLY
    2 00000000                 ENTRY
    3 00000000         MAIN
    4 00000000 E59F0064        LDR              R0,=VALUE
    5 00000004 E59F6060        LDR              R6,=VALUE
    6 00000008 E3A01005        MOV              R1,#05
    7 0000000C E1A07001        MOV              R7,R1
    8 00000010 E4962004        LDR              R2,[R6],#04
    9 00000014 E59F404C        ldr              r4,value1
   10 00000018         LOOP
   11 00000018 E5903000        LDR              R3,[R0]
   12 0000001C E1520003        CMP              R2,R3
   13 00000020 8A000009        BHI              OUTER
   14 00000024 E2411001        SUB              R1,R1,#01
   15 00000028 E3510000        CMP              R1,#00
   16 0000002C 1AFFFFF9        BNE              LOOP
   17 00000030 E2477001        SUB              R7,R7,#01
   18 00000034 E1A00006        MOV              R0,R6
   19 00000038 E1A01007        MOV              R1,R7
   20 0000003C E4842004        STR              R2,[R4],#04
   21 00000040 E4962004        LDR              R2,[R6],#04
   22 00000044 E3570000        CMP              R7,#00
   23 00000048 1AFFFFF2        BNE              LOOP
   24 0000004C         OUTER
   25 0000004C E1A02005        MOV              R2,R5
   26 00000050 E1A03002        MOV              R3,R2
   27 00000054 E1A05003        MOV              R5,R3
   28 00000058 E3510000        CMP              R1,#00
   29 0000005C 1AFFFFED        BNE              LOOP
   30 00000060 EAFFFFFE 
                       STOP    B                STOP
   31 00000064 40000000 
                       VALUE   DCD              &40000000
   32 00000068 4000F000 
                       value1  dcd              &4000f000
   33 0000006C         
   34 0000006C                 END
              00000000 
              00000000 
Command Line: --debug --xref --device=DARMP --apcs=interwork -oassen.o -IC:\Kei
l\ARM\INC\Philips --predefine="__EVAL SETA 1" --list=assen.lst assen.asm



ARM Macro Assembler    Page 1 Alphabetic symbol ordering
Relocatable symbols

LOOP 00000018

Symbol: LOOP
   Definitions
      At line 10 in file assen.asm
   Uses
      At line 16 in file assen.asm
      At line 23 in file assen.asm
      At line 29 in file assen.asm

MAIN 00000000

Symbol: MAIN
   Definitions
      At line 3 in file assen.asm
   Uses
      None
Comment: MAIN unused
OUTER 0000004C

Symbol: OUTER
   Definitions
      At line 24 in file assen.asm
   Uses
      At line 13 in file assen.asm
Comment: OUTER used once
STOP 00000060

Symbol: STOP
   Definitions
      At line 30 in file assen.asm
   Uses
      At line 30 in file assen.asm
Comment: STOP used once
VALUE 00000064

Symbol: VALUE
   Definitions
      At line 31 in file assen.asm
   Uses
      At line 4 in file assen.asm
      At line 5 in file assen.asm

accend 00000000

Symbol: accend
   Definitions
      At line 1 in file assen.asm
   Uses
      None
Comment: accend unused
value1 00000068

Symbol: value1
   Definitions
      At line 32 in file assen.asm
   Uses
      At line 9 in file assen.asm
Comment: value1 used once



ARM Macro Assembler    Page 2 Alphabetic symbol ordering
Relocatable symbols

7 symbols
329 symbols in table
